[0.034s] Invoking command in '/home/frank/thesis/gui_ws/build/bms_gui': CMAKE_PREFIX_PATH=/opt/ros/humble /usr/bin/cmake --build /home/frank/thesis/gui_ws/build/bms_gui -- -j16 -l16
[0.047s] -- Found ament_cmake: 1.3.7 (/opt/ros/humble/share/ament_cmake/cmake)
[0.180s] -- Found rclcpp: 16.0.8 (/opt/ros/humble/share/rclcpp/cmake)
[0.199s] -- Found rosidl_generator_c: 3.1.5 (/opt/ros/humble/share/rosidl_generator_c/cmake)
[0.200s] -- Found rosidl_adapter: 3.1.5 (/opt/ros/humble/share/rosidl_adapter/cmake)
[0.204s] -- Found rosidl_generator_cpp: 3.1.5 (/opt/ros/humble/share/rosidl_generator_cpp/cmake)
[0.212s] -- Using all available rosidl_typesupport_c: rosidl_typesupport_fastrtps_c;rosidl_typesupport_introspection_c
[0.223s] -- Using all available rosidl_typesupport_cpp: rosidl_typesupport_fastrtps_cpp;rosidl_typesupport_introspection_cpp
[0.263s] -- Found rmw_implementation_cmake: 6.1.1 (/opt/ros/humble/share/rmw_implementation_cmake/cmake)
[0.264s] -- Found rmw_fastrtps_cpp: 6.2.6 (/opt/ros/humble/share/rmw_fastrtps_cpp/cmake)
[0.344s] -- Using RMW implementation 'rmw_fastrtps_cpp' as default
[0.465s] -- Found rclcpp_action: 16.0.8 (/opt/ros/humble/share/rclcpp_action/cmake)
[0.534s] -- Found sensor_msgs: 4.2.3 (/opt/ros/humble/share/sensor_msgs/cmake)
[0.634s] -- Found ament_lint_auto: 0.12.10 (/opt/ros/humble/share/ament_lint_auto/cmake)
[0.680s] -- Added test 'cppcheck' to perform static code analysis on C / C++ code
[0.680s] -- Configured cppcheck include dirs: /home/frank/thesis/gui_ws/src/bms_gui/include
[0.680s] -- Configured cppcheck exclude dirs and/or files: 
[0.680s] -- Added test 'lint_cmake' to check CMake code style
[0.681s] -- Added test 'uncrustify' to check C / C++ code style
[0.681s] -- Configured uncrustify additional arguments: 
[0.681s] -- Added test 'xmllint' to check XML markup files
[0.682s] -- Configuring done (0.6s)
[0.691s] -- Generating done (0.0s)
[0.692s] -- Build files have been written to: /home/frank/thesis/gui_ws/build/bms_gui
[0.706s] [ 11%] [34m[1mGenerating include/bms_gui/moc_ros2comm.cpp[0m
[0.735s] [ 22%] [32mBuilding CXX object CMakeFiles/bms_gui.dir/src/main.cpp.o[0m
[0.736s] [ 55%] [32mBuilding CXX object CMakeFiles/bms_gui.dir/src/mainwindow.cpp.o[0m
[0.736s] [ 44%] [32mBuilding CXX object CMakeFiles/bms_gui.dir/src/ros2comm.cpp.o[0m
[0.736s] [ 55%] [32mBuilding CXX object CMakeFiles/bms_gui.dir/include/bms_gui/moc_mainwindow.cpp.o[0m
[0.737s] [ 66%] [32mBuilding CXX object CMakeFiles/bms_gui.dir/include/bms_gui/moc_ros2comm.cpp.o[0m
[4.116s] [01m[K/home/frank/thesis/gui_ws/src/bms_gui/src/ros2comm.cpp:[m[K In constructor â€˜[01m[KRos2Comm::Ros2Comm()[m[Kâ€™:
[4.116s] [01m[K/home/frank/thesis/gui_ws/src/bms_gui/src/ros2comm.cpp:22:5:[m[K [01;31m[Kerror: [m[Kâ€˜[01m[Kread_registers[m[Kâ€™ was not declared in this scope
[4.116s]    22 |     [01;31m[Kread_registers[m[K = true;
[4.117s]       |     [01;31m[K^~~~~~~~~~~~~~[m[K
[4.126s] [01m[K/home/frank/thesis/gui_ws/src/bms_gui/src/ros2comm.cpp:[m[K In member function â€˜[01m[Kint Ros2Comm::update_battery_state()[m[Kâ€™:
[4.126s] [01m[K/home/frank/thesis/gui_ws/src/bms_gui/src/ros2comm.cpp:60:9:[m[K [01;31m[Kerror: [m[Kâ€˜[01m[Kread_registers[m[Kâ€™ was not declared in this scope
[4.127s]    60 |     if ([01;31m[Kread_registers[m[K == true)
[4.127s]       |         [01;31m[K^~~~~~~~~~~~~~[m[K
[4.867s] gmake[2]: *** [CMakeFiles/bms_gui.dir/build.make:116: CMakeFiles/bms_gui.dir/src/ros2comm.cpp.o] Error 1
[4.867s] gmake[1]: *** [CMakeFiles/Makefile2:137: CMakeFiles/bms_gui.dir/all] Error 2
[4.867s] gmake: *** [Makefile:146: all] Error 2
[4.869s] Invoked command in '/home/frank/thesis/gui_ws/build/bms_gui' returned '2': CMAKE_PREFIX_PATH=/opt/ros/humble /usr/bin/cmake --build /home/frank/thesis/gui_ws/build/bms_gui -- -j16 -l16
