[01m[K/home/frank/thesis_ws/bms_gui/src/src/mainwindow.cpp:[m[K In member function â€˜[01m[Kvoid MainWindow::on_progressBar_cell2_valueChanged(int)[m[Kâ€™:
[01m[K/home/frank/thesis_ws/bms_gui/src/src/mainwindow.cpp:46:37:[m[K [01;31m[Kerror: [m[Kâ€˜[01m[Kpercentage[m[Kâ€™ was not declared in this scope
   46 |     ui->progressBar_cell2->setValue([01;31m[Kpercentage[m[K);
      |                                     [01;31m[K^~~~~~~~~~[m[K
gmake[2]: *** [CMakeFiles/bms_gui.dir/build.make:102: CMakeFiles/bms_gui.dir/src/mainwindow.cpp.o] Error 1
gmake[1]: *** [CMakeFiles/Makefile2:137: CMakeFiles/bms_gui.dir/all] Error 2
gmake: *** [Makefile:146: all] Error 2
