[0.033s] Invoking command in '/home/frank/thesis_ws/bms_gui/build/bms_gui': CMAKE_PREFIX_PATH=/opt/ros/humble /usr/bin/cmake --build /home/frank/thesis_ws/bms_gui/build/bms_gui -- -j16 -l16
[0.068s] [ 11%] [32mBuilding CXX object CMakeFiles/bms_gui.dir/src/mainwindow.cpp.o[0m
[2.271s] [01m[K/home/frank/thesis_ws/bms_gui/src/src/mainwindow.cpp:[m[K In member function â€˜[01m[Kvoid MainWindow::on_progressBar_cell2_valueChanged(int)[m[Kâ€™:
[2.271s] [01m[K/home/frank/thesis_ws/bms_gui/src/src/mainwindow.cpp:46:37:[m[K [01;31m[Kerror: [m[Kâ€˜[01m[Kpercentage[m[Kâ€™ was not declared in this scope
[2.271s]    46 |     ui->progressBar_cell2->setValue([01;31m[Kpercentage[m[K);
[2.271s]       |                                     [01;31m[K^~~~~~~~~~[m[K
[2.663s] gmake[2]: *** [CMakeFiles/bms_gui.dir/build.make:102: CMakeFiles/bms_gui.dir/src/mainwindow.cpp.o] Error 1
[2.663s] gmake[1]: *** [CMakeFiles/Makefile2:137: CMakeFiles/bms_gui.dir/all] Error 2
[2.663s] gmake: *** [Makefile:146: all] Error 2
[2.665s] Invoked command in '/home/frank/thesis_ws/bms_gui/build/bms_gui' returned '2': CMAKE_PREFIX_PATH=/opt/ros/humble /usr/bin/cmake --build /home/frank/thesis_ws/bms_gui/build/bms_gui -- -j16 -l16
