[ 11%] [34m[1mGenerating include/bms_gui/moc_mainwindow.cpp[0m
[ 22%] [34m[1mGenerating include/bms_gui/moc_ros2comm.cpp[0m
[ 33%] [32mBuilding CXX object CMakeFiles/bms_gui.dir/src/main.cpp.o[0m
[ 44%] [32mBuilding CXX object CMakeFiles/bms_gui.dir/src/mainwindow.cpp.o[0m
[ 55%] [32mBuilding CXX object CMakeFiles/bms_gui.dir/src/ros2comm.cpp.o[0m
[ 66%] [32mBuilding CXX object CMakeFiles/bms_gui.dir/include/bms_gui/moc_mainwindow.cpp.o[0m
[ 77%] [32mBuilding CXX object CMakeFiles/bms_gui.dir/include/bms_gui/moc_ros2comm.cpp.o[0m
[01m[K/home/frank/thesis_ws/bms_gui/src/src/mainwindow.cpp:39:6:[m[K [01;31m[Kerror: [m[Kno declaration matches â€˜[01m[Kvoid MainWindow::on_progressBar_cell2_valueChanged(int)[m[Kâ€™
   39 | void [01;31m[KMainWindow[m[K::on_progressBar_cell2_valueChanged(int value)
      |      [01;31m[K^~~~~~~~~~[m[K
In file included from [01m[K/home/frank/thesis_ws/bms_gui/src/src/mainwindow.cpp:1[m[K:
[01m[K/home/frank/thesis_ws/bms_gui/src/include/bms_gui/mainwindow.h:44:10:[m[K [01;36m[Knote: [m[Kcandidate is: â€˜[01m[Kvoid MainWindow::on_progressBar_cell2_valueChanged(int16_t)[m[Kâ€™
   44 |     void [01;36m[Kon_progressBar_cell2_valueChanged[m[K(int16_t value);
      |          [01;36m[K^~~~~~~~~~~~~~~~~~~~~~~~~~~~~~~~~[m[K
[01m[K/home/frank/thesis_ws/bms_gui/src/include/bms_gui/mainwindow.h:28:7:[m[K [01;36m[Knote: [m[Kâ€˜[01m[Kclass MainWindow[m[Kâ€™ defined here
   28 | class [01;36m[KMainWindow[m[K : public QMainWindow
      |       [01;36m[K^~~~~~~~~~[m[K
gmake[2]: *** [CMakeFiles/bms_gui.dir/build.make:102: CMakeFiles/bms_gui.dir/src/mainwindow.cpp.o] Error 1
gmake[2]: *** Waiting for unfinished jobs....
gmake[1]: *** [CMakeFiles/Makefile2:137: CMakeFiles/bms_gui.dir/all] Error 2
gmake: *** [Makefile:146: all] Error 2
