[0.033s] Invoking command in '/home/frank/thesis_ws/bms_gui/build/bms_gui': CMAKE_PREFIX_PATH=/opt/ros/humble /usr/bin/cmake --build /home/frank/thesis_ws/bms_gui/build/bms_gui -- -j16 -l16
[0.050s] [ 11%] [34m[1mGenerating include/bms_gui/moc_mainwindow.cpp[0m
[0.051s] [ 22%] [34m[1mGenerating include/bms_gui/moc_ros2comm.cpp[0m
[0.080s] [ 33%] [32mBuilding CXX object CMakeFiles/bms_gui.dir/src/main.cpp.o[0m
[0.081s] [ 44%] [32mBuilding CXX object CMakeFiles/bms_gui.dir/src/mainwindow.cpp.o[0m
[0.081s] [ 55%] [32mBuilding CXX object CMakeFiles/bms_gui.dir/src/ros2comm.cpp.o[0m
[0.082s] [ 66%] [32mBuilding CXX object CMakeFiles/bms_gui.dir/include/bms_gui/moc_mainwindow.cpp.o[0m
[0.082s] [ 77%] [32mBuilding CXX object CMakeFiles/bms_gui.dir/include/bms_gui/moc_ros2comm.cpp.o[0m
[2.810s] [01m[K/home/frank/thesis_ws/bms_gui/src/src/mainwindow.cpp:39:6:[m[K [01;31m[Kerror: [m[Kno declaration matches â€˜[01m[Kvoid MainWindow::on_progressBar_cell2_valueChanged(int)[m[Kâ€™
[2.810s]    39 | void [01;31m[KMainWindow[m[K::on_progressBar_cell2_valueChanged(int value)
[2.810s]       |      [01;31m[K^~~~~~~~~~[m[K
[2.810s] In file included from [01m[K/home/frank/thesis_ws/bms_gui/src/src/mainwindow.cpp:1[m[K:
[2.810s] [01m[K/home/frank/thesis_ws/bms_gui/src/include/bms_gui/mainwindow.h:44:10:[m[K [01;36m[Knote: [m[Kcandidate is: â€˜[01m[Kvoid MainWindow::on_progressBar_cell2_valueChanged(int16_t)[m[Kâ€™
[2.810s]    44 |     void [01;36m[Kon_progressBar_cell2_valueChanged[m[K(int16_t value);
[2.810s]       |          [01;36m[K^~~~~~~~~~~~~~~~~~~~~~~~~~~~~~~~~[m[K
[2.810s] [01m[K/home/frank/thesis_ws/bms_gui/src/include/bms_gui/mainwindow.h:28:7:[m[K [01;36m[Knote: [m[Kâ€˜[01m[Kclass MainWindow[m[Kâ€™ defined here
[2.811s]    28 | class [01;36m[KMainWindow[m[K : public QMainWindow
[2.811s]       |       [01;36m[K^~~~~~~~~~[m[K
[3.272s] gmake[2]: *** [CMakeFiles/bms_gui.dir/build.make:102: CMakeFiles/bms_gui.dir/src/mainwindow.cpp.o] Error 1
[3.273s] gmake[2]: *** Waiting for unfinished jobs....
[4.149s] gmake[1]: *** [CMakeFiles/Makefile2:137: CMakeFiles/bms_gui.dir/all] Error 2
[4.149s] gmake: *** [Makefile:146: all] Error 2
[4.151s] Invoked command in '/home/frank/thesis_ws/bms_gui/build/bms_gui' returned '2': CMAKE_PREFIX_PATH=/opt/ros/humble /usr/bin/cmake --build /home/frank/thesis_ws/bms_gui/build/bms_gui -- -j16 -l16
