[0.029s] Invoking command in '/home/frank/thesis_ws/bms_gui/build/bms_gui': CMAKE_PREFIX_PATH=/opt/ros/humble /usr/bin/cmake --build /home/frank/thesis_ws/bms_gui/build/bms_gui -- -j16 -l16
[0.062s] [ 11%] [32mBuilding CXX object CMakeFiles/bms_gui.dir/src/mainwindow.cpp.o[0m
[2.089s] [01m[K/home/frank/thesis_ws/bms_gui/src/src/mainwindow.cpp:[m[K In constructor â€˜[01m[KMainWindow::MainWindow(QWidget*)[m[Kâ€™:
[2.090s] [01m[K/home/frank/thesis_ws/bms_gui/src/src/mainwindow.cpp:30:13:[m[K [01;31m[Kerror: [m[Kâ€˜[01m[Kclass Ui::MainWindow[m[Kâ€™ has no member named â€˜[01m[Ksoc[m[Kâ€™; did you mean â€˜[01m[Ksoh[m[Kâ€™?
[2.090s]    30 |         ui->[01;31m[Ksoc[m[K->clear();
[2.090s]       |             [01;31m[K^~~[m[K
[2.090s]       |             [32m[Ksoh[m[K
[2.090s] [01m[K/home/frank/thesis_ws/bms_gui/src/src/mainwindow.cpp:32:13:[m[K [01;31m[Kerror: [m[Kâ€˜[01m[Kclass Ui::MainWindow[m[Kâ€™ has no member named â€˜[01m[Kcurrent[m[Kâ€™; did you mean â€˜[01m[Klcd_current[m[Kâ€™?
[2.090s]    32 |         ui->[01;31m[Kcurrent[m[K->clear();
[2.090s]       |             [01;31m[K^~~~~~~[m[K
[2.090s]       |             [32m[Klcd_current[m[K
[2.457s] gmake[2]: *** [CMakeFiles/bms_gui.dir/build.make:102: CMakeFiles/bms_gui.dir/src/mainwindow.cpp.o] Error 1
[2.457s] gmake[1]: *** [CMakeFiles/Makefile2:137: CMakeFiles/bms_gui.dir/all] Error 2
[2.457s] gmake: *** [Makefile:146: all] Error 2
[2.459s] Invoked command in '/home/frank/thesis_ws/bms_gui/build/bms_gui' returned '2': CMAKE_PREFIX_PATH=/opt/ros/humble /usr/bin/cmake --build /home/frank/thesis_ws/bms_gui/build/bms_gui -- -j16 -l16
