[0.049s] Invoking command in '/home/frank/thesis_ws/bms_gui/build/bms_gui': CMAKE_PREFIX_PATH=/opt/ros/humble /usr/bin/cmake --build /home/frank/thesis_ws/bms_gui/build/bms_gui -- -j16 -l16
[0.075s] [ 11%] [34m[1mGenerating ui_mainwindow.h[0m
[0.110s] [ 22%] [32mBuilding CXX object CMakeFiles/bms_gui.dir/src/mainwindow.cpp.o[0m
[3.249s] [01m[K/home/frank/thesis_ws/bms_gui/src/src/mainwindow.cpp:[m[K In constructor â€˜[01m[KMainWindow::MainWindow(QWidget*)[m[Kâ€™:
[3.249s] [01m[K/home/frank/thesis_ws/bms_gui/src/src/mainwindow.cpp:35:13:[m[K [01;31m[Kerror: [m[Kâ€˜[01m[Kclass Ui::MainWindow[m[Kâ€™ has no member named â€˜[01m[KOC_status[m[Kâ€™; did you mean â€˜[01m[KOV_status[m[Kâ€™?
[3.249s]    35 |         ui->[01;31m[KOC_status[m[K->clear();
[3.250s]       |             [01;31m[K^~~~~~~~~[m[K
[3.250s]       |             [32m[KOV_status[m[K
[3.250s] [01m[K/home/frank/thesis_ws/bms_gui/src/src/mainwindow.cpp:36:13:[m[K [01;31m[Kerror: [m[Kâ€˜[01m[Kclass Ui::MainWindow[m[Kâ€™ has no member named â€˜[01m[KOT_status[m[Kâ€™; did you mean â€˜[01m[KOV_status[m[Kâ€™?
[3.250s]    36 |         ui->[01;31m[KOT_status[m[K->clear();
[3.250s]       |             [01;31m[K^~~~~~~~~[m[K
[3.250s]       |             [32m[KOV_status[m[K
[3.250s] [01m[K/home/frank/thesis_ws/bms_gui/src/src/mainwindow.cpp:37:13:[m[K [01;31m[Kerror: [m[Kâ€˜[01m[Kclass Ui::MainWindow[m[Kâ€™ has no member named â€˜[01m[Kfault_status[m[Kâ€™; did you mean â€˜[01m[KUV_status[m[Kâ€™?
[3.250s]    37 |         ui->[01;31m[Kfault_status[m[K->clear();
[3.250s]       |             [01;31m[K^~~~~~~~~~~~[m[K
[3.250s]       |             [32m[KUV_status[m[K
[3.810s] gmake[2]: *** [CMakeFiles/bms_gui.dir/build.make:102: CMakeFiles/bms_gui.dir/src/mainwindow.cpp.o] Error 1
[3.811s] gmake[1]: *** [CMakeFiles/Makefile2:137: CMakeFiles/bms_gui.dir/all] Error 2
[3.811s] gmake: *** [Makefile:146: all] Error 2
[3.813s] Invoked command in '/home/frank/thesis_ws/bms_gui/build/bms_gui' returned '2': CMAKE_PREFIX_PATH=/opt/ros/humble /usr/bin/cmake --build /home/frank/thesis_ws/bms_gui/build/bms_gui -- -j16 -l16
