[0.030s] Invoking command in '/home/frank/thesis_ws/bms_gui/src/build/bms_gui': CMAKE_PREFIX_PATH=/opt/ros/humble /usr/bin/cmake --build /home/frank/thesis_ws/bms_gui/src/build/bms_gui -- -j16 -l16
[0.060s] [ 11%] [32mBuilding CXX object CMakeFiles/bms_gui.dir/src/ros2comm.cpp.o[0m
[2.101s] [01m[K/home/frank/thesis_ws/bms_gui/src/src/ros2comm.cpp:[m[K In constructor â€˜[01m[KRos2Comm::Ros2Comm()[m[Kâ€™:
[2.101s] [01m[K/home/frank/thesis_ws/bms_gui/src/src/ros2comm.cpp:34:38:[m[K [01;31m[Kerror: [m[Kinvalid conversion from â€˜[01m[Ktimeval*[m[Kâ€™ to â€˜[01m[Kuint32_t[m[Kâ€™ {aka â€˜[01m[Kunsigned int[m[Kâ€™} [[01;31m[K]8;;https://gcc.gnu.org/onlinedocs/gcc/Warning-Options.html#index-fpermissive-fpermissive]8;;[m[K]
[2.101s]    34 |     modbus_set_response_timeout(ctx, [01;31m[K&response_timeout[m[K);
[2.101s]       |                                      [01;31m[K^~~~~~~~~~~~~~~~~[m[K
[2.101s]       |                                      [01;31m[K|[m[K
[2.101s]       |                                      [01;31m[Ktimeval*[m[K
[2.101s] [01m[K/home/frank/thesis_ws/bms_gui/src/src/ros2comm.cpp:34:32:[m[K [01;31m[Kerror: [m[Ktoo few arguments to function â€˜[01m[Kint modbus_set_response_timeout(modbus_t*, uint32_t, uint32_t)[m[Kâ€™
[2.101s]    34 |     [01;31m[Kmodbus_set_response_timeout(ctx, &response_timeout)[m[K;
[2.101s]       |     [01;31m[K~~~~~~~~~~~~~~~~~~~~~~~~~~~^~~~~~~~~~~~~~~~~~~~~~~~[m[K
[2.101s] In file included from [01m[K/home/frank/thesis_ws/bms_gui/src/include/bms_gui/ros2comm.h:23[m[K,
[2.101s]                  from [01m[K/home/frank/thesis_ws/bms_gui/src/src/ros2comm.cpp:1[m[K:
[2.102s] [01m[K/usr/local/include/modbus/modbus.h:197:1:[m[K [01;36m[Knote: [m[Kdeclared here
[2.102s]   197 | [01;36m[Kmodbus_set_response_timeout[m[K(modbus_t *ctx, uint32_t to_sec, uint32_t to_usec);
[2.102s]       | [01;36m[K^~~~~~~~~~~~~~~~~~~~~~~~~~~[m[K
[2.102s] [01m[K/home/frank/thesis_ws/bms_gui/src/src/ros2comm.cpp:39:34:[m[K [01;31m[Kerror: [m[Kinvalid conversion from â€˜[01m[Ktimeval*[m[Kâ€™ to â€˜[01m[Kuint32_t[m[Kâ€™ {aka â€˜[01m[Kunsigned int[m[Kâ€™} [[01;31m[K]8;;https://gcc.gnu.org/onlinedocs/gcc/Warning-Options.html#index-fpermissive-fpermissive]8;;[m[K]
[2.102s]    39 |     modbus_set_byte_timeout(ctx, [01;31m[K&byte_timeout[m[K);
[2.102s]       |                                  [01;31m[K^~~~~~~~~~~~~[m[K
[2.102s]       |                                  [01;31m[K|[m[K
[2.102s]       |                                  [01;31m[Ktimeval*[m[K
[2.102s] [01m[K/home/frank/thesis_ws/bms_gui/src/src/ros2comm.cpp:39:28:[m[K [01;31m[Kerror: [m[Ktoo few arguments to function â€˜[01m[Kint modbus_set_byte_timeout(modbus_t*, uint32_t, uint32_t)[m[Kâ€™
[2.102s]    39 |     [01;31m[Kmodbus_set_byte_timeout(ctx, &byte_timeout)[m[K;
[2.102s]       |     [01;31m[K~~~~~~~~~~~~~~~~~~~~~~~^~~~~~~~~~~~~~~~~~~~[m[K
[2.102s] In file included from [01m[K/home/frank/thesis_ws/bms_gui/src/include/bms_gui/ros2comm.h:23[m[K,
[2.102s]                  from [01m[K/home/frank/thesis_ws/bms_gui/src/src/ros2comm.cpp:1[m[K:
[2.102s] [01m[K/usr/local/include/modbus/modbus.h:201:16:[m[K [01;36m[Knote: [m[Kdeclared here
[2.102s]   201 | MODBUS_API int [01;36m[Kmodbus_set_byte_timeout[m[K(modbus_t *ctx, uint32_t to_sec, uint32_t to_usec);
[2.102s]       |                [01;36m[K^~~~~~~~~~~~~~~~~~~~~~~[m[K
[2.102s] [01m[K/home/frank/thesis_ws/bms_gui/src/src/ros2comm.cpp:[m[K At global scope:
[2.102s] [01m[K/home/frank/thesis_ws/bms_gui/src/src/ros2comm.cpp:52:21:[m[K [01;31m[Kerror: [m[Kdefinition of implicitly-declared â€˜[01m[Kvirtual Ros2Comm::~Ros2Comm()[m[Kâ€™
[2.102s]    52 | Ros2Comm::~Ros2Comm([01;31m[K)[m[K
[2.102s]       |                     [01;31m[K^[m[K
[2.703s] gmake[2]: *** [CMakeFiles/bms_gui.dir/build.make:116: CMakeFiles/bms_gui.dir/src/ros2comm.cpp.o] Error 1
[2.704s] gmake[1]: *** [CMakeFiles/Makefile2:137: CMakeFiles/bms_gui.dir/all] Error 2
[2.704s] gmake: *** [Makefile:146: all] Error 2
[2.705s] Invoked command in '/home/frank/thesis_ws/bms_gui/src/build/bms_gui' returned '2': CMAKE_PREFIX_PATH=/opt/ros/humble /usr/bin/cmake --build /home/frank/thesis_ws/bms_gui/src/build/bms_gui -- -j16 -l16
