[0.034s] Invoking command in '/home/frank/thesis_ws/bms_gui/build/bms_gui': CMAKE_PREFIX_PATH=/opt/ros/humble /usr/bin/cmake --build /home/frank/thesis_ws/bms_gui/build/bms_gui -- -j16 -l16
[0.068s] [ 11%] [32mBuilding CXX object CMakeFiles/bms_gui.dir/src/mainwindow.cpp.o[0m
[2.216s] [01m[K/home/frank/thesis_ws/bms_gui/src/src/mainwindow.cpp:[m[K In member function â€˜[01m[Kvoid MainWindow::on_progressBar_cell2_valueChanged(int)[m[Kâ€™:
[2.216s] [01m[K/home/frank/thesis_ws/bms_gui/src/src/mainwindow.cpp:42:9:[m[K [01;31m[Kerror: [m[Kâ€˜[01m[Kclass Ui::MainWindow[m[Kâ€™ has no member named â€˜[01m[Kcell2_voltatge[m[Kâ€™; did you mean â€˜[01m[Kcell2_voltage[m[Kâ€™?
[2.216s]    42 |     ui->[01;31m[Kcell2_voltatge[m[K->setText(value.toStdString(););
[2.216s]       |         [01;31m[K^~~~~~~~~~~~~~[m[K
[2.216s]       |         [32m[Kcell2_voltage[m[K
[2.216s] [01m[K/home/frank/thesis_ws/bms_gui/src/src/mainwindow.cpp:42:39:[m[K [01;31m[Kerror: [m[Krequest for member â€˜[01m[KtoStdString[m[Kâ€™ in â€˜[01m[Kvalue[m[Kâ€™, which is of non-class type â€˜[01m[Kint[m[Kâ€™
[2.216s]    42 |     ui->cell2_voltatge->setText(value.[01;31m[KtoStdString[m[K(););
[2.216s]       |                                       [01;31m[K^~~~~~~~~~~[m[K
[2.216s] [01m[K/home/frank/thesis_ws/bms_gui/src/src/mainwindow.cpp:42:53:[m[K [01;31m[Kerror: [m[Kexpected primary-expression before â€˜[01m[K)[m[Kâ€™ token
[2.216s]    42 |     ui->cell2_voltatge->setText(value.toStdString();[01;31m[K)[m[K;
[2.216s]       |                                                     [01;31m[K^[m[K
[2.602s] gmake[2]: *** [CMakeFiles/bms_gui.dir/build.make:102: CMakeFiles/bms_gui.dir/src/mainwindow.cpp.o] Error 1
[2.602s] gmake[1]: *** [CMakeFiles/Makefile2:137: CMakeFiles/bms_gui.dir/all] Error 2
[2.602s] gmake: *** [Makefile:146: all] Error 2
[2.604s] Invoked command in '/home/frank/thesis_ws/bms_gui/build/bms_gui' returned '2': CMAKE_PREFIX_PATH=/opt/ros/humble /usr/bin/cmake --build /home/frank/thesis_ws/bms_gui/build/bms_gui -- -j16 -l16
